app/build/outputs/mapping/release/seeds.txt
com.pichitube.app.core.network.SearchResult$$serializer
com.pichitube.app.core.network.Chapter$Companion
com.pichitube.app.core.network.SearchResultItem$ChannelItem$$serializer
com.pichitube.app.core.network.SearchResultItem$VideoItem
com.pichitube.app.core.network.SearchResult$Companion
com.pichitube.app.core.network.VideoStream$$serializer
com.pichitube.app.MainActivity
com.pichitube.app.core.update.AppUpdateInfo
com.pichitube.app.core.network.SearchResultItem$VideoItem$$serializer
com.pichitube.app.core.data.db.AppDatabase_Impl
com.pichitube.app.feature.library.LibraryViewModel
com.pichitube.app.core.network.SearchResultItem$PlaylistItem$Companion
com.pichitube.app.core.network.ChannelInfo
com.pichitube.app.core.network.AudioStream$Companion
com.pichitube.app.core.network.SubtitleTrack$$serializer
com.pichitube.app.MainActivity_GeneratedInjector
com.pichitube.app.core.network.VideoInfo$Companion
com.pichitube.app.feature.home.HomeViewModel
com.pichitube.app.feature.settings.SettingsViewModel
com.pichitube.app.PichiTubeApp_GeneratedInjector
com.pichitube.app.feature.subscriptions.SubscriptionsViewModel
com.pichitube.app.core.network.StreamInfo
com.pichitube.app.core.network.VideoStream
com.pichitube.app.core.network.SearchResultItem$VideoItem$Companion
com.pichitube.app.feature.search.SearchViewModel
com.pichitube.app.core.network.SubtitleTrack$Companion
com.pichitube.app.core.update.AppUpdateInfo$Companion
com.pichitube.app.core.network.VideoStream$Companion
com.pichitube.app.core.network.SearchResultItem$PlaylistItem$$serializer
com.pichitube.app.core.network.VideoInfo$$serializer
com.pichitube.app.core.network.SearchResultItem$PlaylistItem
com.pichitube.app.feature.shorts.ShortsViewModel
com.pichitube.app.core.network.VideoInfo
com.pichitube.app.core.data.db.AppDatabase
com.pichitube.app.core.update.AppUpdateInfo$$serializer
com.pichitube.app.core.network.SearchResultItem$ChannelItem
com.pichitube.app.core.network.Chapter
com.pichitube.app.core.network.StreamInfo$Companion
com.pichitube.app.core.network.SearchResult
com.pichitube.app.feature.player.Hilt_PlayerService
com.pichitube.app.Hilt_MainActivity
com.pichitube.app.feature.player.PlayerService
com.pichitube.app.feature.player.PlayerViewModel
com.pichitube.app.core.network.StreamInfo$$serializer
com.pichitube.app.core.network.AudioStream$$serializer
com.pichitube.app.PichiTubeApp
com.pichitube.app.core.network.ChannelInfo$$serializer
com.pichitube.app.core.network.ChannelInfo$Companion
com.pichitube.app.core.network.AudioStream
com.pichitube.app.core.network.SearchResultItem$ChannelItem$Companion
com.pichitube.app.core.network.SearchResultItem$Companion
com.pichitube.app.core.network.SubtitleTrack
com.pichitube.app.core.network.Chapter$$serializer
com.pichitube.app.feature.player.PlayerService_GeneratedInjector
com.pichitube.app.core.network.AudioStream$$serializer: com.pichitube.app.core.network.AudioStream$$serializer INSTANCE
com.pichitube.app.core.network.AudioStream$$serializer: int $stable
com.pichitube.app.core.network.SearchResultItem$PlaylistItem$$serializer: com.pichitube.app.core.network.SearchResultItem$PlaylistItem$$serializer INSTANCE
com.pichitube.app.core.network.SearchResultItem$VideoItem$$serializer: com.pichitube.app.core.network.SearchResultItem$VideoItem$$serializer INSTANCE
com.pichitube.app.core.network.SearchResultItem$VideoItem: com.pichitube.app.core.network.SearchResultItem$VideoItem$Companion Companion
com.pichitube.app.core.network.Chapter: com.pichitube.app.core.network.Chapter$Companion Companion
com.pichitube.app.core.update.AppUpdateInfo$$serializer: com.pichitube.app.core.update.AppUpdateInfo$$serializer INSTANCE
com.pichitube.app.core.network.VideoStream$$serializer: int $stable
com.pichitube.app.BottomNavItem: com.pichitube.app.BottomNavItem$Companion Companion
com.pichitube.app.core.network.SearchResultItem$VideoItem$$serializer: kotlinx.serialization.descriptors.SerialDescriptor descriptor
...
androidx.media3.exoplayer.source.UnrecognizedInputFormatException: UnrecognizedInputFormatException(java.lang.String,android.net.Uri)
androidx.media3.exoplayer.drm.OfflineLicenseHelper: android.os.ConditionVariable access$000(androidx.media3.exoplayer.drm.OfflineLicenseHelper)
kotlinx.coroutines.internal.ConcurrentLinkedListNode: kotlinx.coroutines.internal.ConcurrentLinkedListNode nextOrIfClosed(kotlin.jvm.functions.Function0)
androidx.datastore.preferences.protobuf.FieldType$Collection: androidx.datastore.preferences.protobuf.FieldType$Collection valueOf(java.lang.String)
org.schabi.newpipe.extractor.services.bandcamp.extractors.BandcampCommentsExtractor: void onFetchPage(org.schabi.newpipe.extractor.downloader.Downloader)
androidx.media3.exoplayer.ExoPlayerImpl: boolean getShuffleModeEnabled()
androidx.media3.exoplayer.source.ads.AdsLoader$EventListener: void onAdTapped()
androidx.media3.exoplayer.hls.AssetListParser$AssetList: AssetListParser$AssetList(com.google.common.collect.ImmutableList,com.google.common.collect.ImmutableList)
kotlinx.coroutines.internal.FastServiceLoader: java.util.List parseFile(java.io.BufferedReader)
androidx.media3.session.legacy.IMediaSession: void prepareFromSearch(java.lang.String,android.os.Bundle)
androidx.media3.session.MediaController: long getCurrentLiveOffset()
androidx.media3.exoplayer.trackselection.DefaultTrackSelector$Parameters$Builder: androidx.media3.exoplayer.trackselection.DefaultTrackSelector$Parameters$Builder setAllowAudioMixedMimeTypeAdaptiveness(boolean)
kotlinx.coroutines.flow.ReadonlyStateFlow: ReadonlyStateFlow(kotlinx.coroutines.flow.StateFlow,kotlinx.coroutines.Job)
androidx.media3.exoplayer.video.VideoRendererEventListener: void onVideoSizeChanged(androidx.media3.common.VideoSize)
androidx.media3.exoplayer.source.chunk.ChunkSampleStream: androidx.media3.common.Format[] access$300(androidx.media3.exoplayer.source.chunk.ChunkSampleStream)
androidx.media3.exoplayer.dash.DashMediaSource: void releasePeriod(androidx.media3.exoplayer.source.MediaPeriod)
androidx.appcompat.widget.AppCompatTextView: void setPrecomputedText(androidx.core.text.PrecomputedTextCompat)
androidx.media3.exoplayer.dash.DashWrappingSegmentIndex: androidx.media3.exoplayer.dash.manifest.RangedUri getSegmentUrl(long)
androidx.media3.extractor.text.vobsub.VobsubParser$CueBuilder: void parseIdx(java.lang.String)
org.mozilla.javascript.ast.EmptyStatement: void visit(org.mozilla.javascript.ast.NodeVisitor)
kotlinx.coroutines.internal.LimitedDispatcher: void dispatchYield(kotlin.coroutines.CoroutineContext,java.lang.Runnable)
androidx.media3.common.SimpleBasePlayer: com.google.common.util.concurrent.ListenableFuture handleStop()
org.mozilla.javascript.ScriptableObject: int applyDescriptorToAttributeBitset(int,java.lang.Object,java.lang.Object,java.lang.Object)
androidx.media3.exoplayer.source.ads.ServerSideAdInsertionMediaSource$MediaPeriodImpl: long getBufferedPositionUs()
org.schabi.newpipe.extractor.services.peertube.extractors.PeertubeChannelTabExtractor: void onFetchPage(org.schabi.newpipe.extractor.downloader.Downloader)
androidx.media3.session.MediaNotificationManager: void lambda$updateNotification$7(androidx.media3.session.MediaSession,com.google.common.collect.ImmutableList,androidx.media3.session.MediaNotification$Provider$Callback,boolean)
androidx.media3.exoplayer.video.MediaCodecVideoRenderer: void changeVideoSinkInputStream(androidx.media3.exoplayer.video.VideoSink,int,androidx.media3.common.Format)
androidx.media3.extractor.text.vobsub.VobsubParser: VobsubParser(java.util.List)
androidx.media3.common.SimpleBasePlayer: androidx.media3.common.SimpleBasePlayer$State lambda$stop$12(androidx.media3.common.SimpleBasePlayer$State)
kotlinx.coroutines.CancellableContinuationImpl: void multipleHandlersError(java.lang.Object,java.lang.Object)
kotlinx.coroutines.Job$DefaultImpls: kotlin.coroutines.CoroutineContext minusKey(kotlinx.coroutines.Job,kotlin.coroutines.CoroutineContext$Key)