app/build/outputs/mapping/release/usage.txt
com.pichitube.app.BottomNavItem$Home:
    public static final int $stable
com.pichitube.app.BottomNavItem$Library:
    public static final int $stable
com.pichitube.app.BottomNavItem$Shorts:
    public static final int $stable
com.pichitube.app.BottomNavItem$Subscriptions:
    public static final int $stable
com.pichitube.app.BuildConfig:
    public static final java.lang.String APPLICATION_ID
    public static final java.lang.String BUILD_TYPE
    public static final boolean DEBUG
    public static final java.lang.String RYD_API
    public static final java.lang.String SPONSORBLOCK_API
    public static final int VERSION_CODE
    public static final java.lang.String VERSION_NAME
    public void <init>()
com.pichitube.app.DaggerPichiTubeApp_HiltComponents_SingletonC$ActivityCImpl:
    public dagger.hilt.android.internal.builders.FragmentComponentBuilder fragmentComponentBuilder()
    public dagger.hilt.android.internal.builders.ViewComponentBuilder viewComponentBuilder()
com.pichitube.app.DaggerPichiTubeApp_HiltComponents_SingletonC$FragmentCBuilder
com.pichitube.app.DaggerPichiTubeApp_HiltComponents_SingletonC$FragmentCImpl
com.pichitube.app.DaggerPichiTubeApp_HiltComponents_SingletonC$SingletonCImpl:
    public java.util.Set getDisableFragmentGetContextFix()
com.pichitube.app.DaggerPichiTubeApp_HiltComponents_SingletonC$ViewCBuilder
com.pichitube.app.DaggerPichiTubeApp_HiltComponents_SingletonC$ViewCImpl
com.pichitube.app.DaggerPichiTubeApp_HiltComponents_SingletonC$ViewWithFragmentCBuilder
com.pichitube.app.DaggerPichiTubeApp_HiltComponents_SingletonC$ViewWithFragmentCImpl
com.pichitube.app.DaggerPichiTubeApp_HiltComponents_SingletonC:
    private void <init>()
com.pichitube.app.Hilt_MainActivity:
    void <init>(int)
    public synthetic bridge dagger.hilt.internal.GeneratedComponentManager componentManager()
com.pichitube.app.Hilt_PichiTubeApp:
    public synthetic bridge dagger.hilt.internal.GeneratedComponentManager componentManager()
com.pichitube.app.MainActivity:
    public final kotlin.jvm.functions.Function0 getOnUserLeaveHintCallback()
    public final void setOnUserLeaveHintCallback(kotlin.jvm.functions.Function0)
    public final void setPlayerManager(com.pichitube.app.feature.player.PlayerManager)
    public final void setPrefsRepository(com.pichitube.app.core.data.prefs.PrefsRepository)
    public final void setUpdateManager(com.pichitube.app.core.update.UpdateManager)
com.pichitube.app.MainActivity_MembersInjector:
    private final dagger.internal.Provider playerManagerProvider
    private final dagger.internal.Provider prefsRepositoryProvider
    private final dagger.internal.Provider updateManagerProvider
    public void <init>(dagger.internal.Provider,dagger.internal.Provider,dagger.internal.Provider)
    public static dagger.MembersInjector create(dagger.internal.Provider,dagger.internal.Provider,dagger.internal.Provider)
    public static dagger.MembersInjector create(javax.inject.Provider,javax.inject.Provider,javax.inject.Provider)
    public void injectMembers(com.pichitube.app.MainActivity)
    public synthetic bridge void injectMembers(java.lang.Object)
com.pichitube.app.PichiTubeApp:
    public final void setDownloader(com.pichitube.app.core.network.NewPipeDownloader)
    public final void setOkHttpClient(okhttp3.OkHttpClient)
com.pichitube.app.PichiTubeApp_ComponentTreeDeps
com.pichitube.app.PichiTubeApp_HiltComponents$ActivityC$Builder
com.pichitube.app.PichiTubeApp_HiltComponents$ActivityCBuilderModule
com.pichitube.app.PichiTubeApp_HiltComponents$ActivityRetainedC$Builder
com.pichitube.app.PichiTubeApp_HiltComponents$ActivityRetainedCBuilderModule
com.pichitube.app.PichiTubeApp_HiltComponents$FragmentC$Builder
com.pichitube.app.PichiTubeApp_HiltComponents$FragmentC
com.pichitube.app.PichiTubeApp_HiltComponents$FragmentCBuilderModule
com.pichitube.app.PichiTubeApp_HiltComponents$ServiceC$Builder
com.pichitube.app.PichiTubeApp_HiltComponents$ServiceCBuilderModule
...
androidx.compose.material.icons.outlined._6mpKt
androidx.compose.material.icons.outlined._7kKt
androidx.compose.material.icons.outlined._7kPlusKt
androidx.compose.material.icons.outlined._7mpKt
androidx.compose.material.icons.outlined._8kKt
androidx.compose.material.icons.outlined._8kPlusKt
androidx.compose.material.icons.outlined._8mpKt
androidx.compose.material.icons.outlined._9kKt
androidx.compose.material.icons.outlined._9kPlusKt
androidx.compose.material.icons.outlined._9mpKt
androidx.compose.material.icons.rounded.AbcKt
androidx.compose.material.icons.rounded.AcUnitKt
androidx.compose.material.icons.rounded.AccessAlarmKt
androidx.compose.material.icons.rounded.AccessAlarmsKt
androidx.compose.material.icons.rounded.AccessTimeFilledKt
androidx.compose.material.icons.rounded.AccessTimeKt
androidx.compose.material.icons.rounded.AccessibilityKt
androidx.compose.material.icons.rounded.AccessibilityNewKt
androidx.compose.material.icons.rounded.AccessibleForwardKt
androidx.compose.material.icons.rounded.AccessibleKt
androidx.compose.material.icons.rounded.AccountBalanceKt
androidx.compose.material.icons.rounded.AccountBalanceWalletKt
androidx.compose.material.icons.rounded.AccountBoxKt
androidx.compose.material.icons.rounded.AccountCircleKt
androidx.compose.material.icons.rounded.AccountTreeKt
androidx.compose.material.icons.rounded.AdUnitsKt
androidx.compose.material.icons.rounded.AdbKt
androidx.compose.material.icons.rounded.AddAPhotoKt
androidx.compose.material.icons.rounded.AddAlarmKt
androidx.compose.material.icons.rounded.AddAlertKt
androidx.compose.material.icons.rounded.AddBoxKt
androidx.compose.material.icons.rounded.AddBusinessKt
androidx.compose.material.icons.rounded.AddCardKt
androidx.compose.material.icons.rounded.AddChartKt
androidx.compose.material.icons.rounded.AddCircleKt
androidx.compose.material.icons.rounded.AddCircleOutlineKt
androidx.compose.material.icons.rounded.AddCommentKt
androidx.compose.material.icons.rounded.AddHomeKt
androidx.compose.material.icons.rounded.AddHomeWorkKt
androidx.compose.material.icons.rounded.AddIcCallKt
androidx.compose.material.icons.rounded.AddKt
androidx.compose.material.icons.rounded.AddLinkKt
androidx.compose.material.icons.rounded.AddLocationAltKt
androidx.compose.material.icons.rounded.AddLocationKt
androidx.compose.material.icons.rounded.AddModeratorKt
androidx.compose.material.icons.rounded.AddPhotoAlternateKt
androidx.compose.material.icons.rounded.AddReactionKt
androidx.compose.material.icons.rounded.AddRoadKt
androidx.compose.material.icons.rounded.AddShoppingCartKt
androidx.compose.material.icons.rounded.AddTaskKt
androidx.compose.material.icons.rounded.AddToDriveKt
androidx.compose.material.icons.rounded.AddToHomeScreenKt
androidx.compose.material.icons.rounded.AddToPhotosKt
androidx.compose.material.icons.rounded.AddToQueueKt
androidx.compose.material.icons.rounded.AddchartKt
androidx.compose.material.icons.rounded.AdfScannerKt
androidx.compose.material.icons.rounded.AdjustKt
androidx.compose.material.icons.rounded.AdminPanelSettingsKt
androidx.compose.material.icons.rounded.AdsClickKt
androidx.compose.material.icons.rounded.AgricultureKt
androidx.compose.material.icons.rounded.AirKt
androidx.compose.material.icons.rounded.AirlineSeatFlatAngledKt
androidx.compose.material.icons.rounded.AirlineSeatFlatKt
androidx.compose.material.icons.rounded.AirlineSeatIndividualSuiteKt
androidx.compose.material.icons.rounded.AirlineSeatLegroomExtraKt
androidx.compose.material.icons.rounded.AirlineSeatLegroomNormalKt
androidx.compose.material.icons.rounded.AirlineSeatLegroomReducedKt
androidx.compose.material.icons.rounded.AirlineSeatReclineExtraKt
androidx.compose.material.icons.rounded.AirlineSeatReclineNormalKt
androidx.compose.material.icons.rounded.AirlineStopsKt
androidx.compose.material.icons.rounded.AirlinesKt
androidx.compose.material.icons.rounded.AirplaneTicketKt
androidx.compose.material.icons.rounded.AirplanemodeActiveKt